info it worked if it ends with ok
verbose cli [ 'node', '/usr/local/bin/npm', 'test' ]
info using npm@1.1.21
info using node@v0.6.18
verbose config file /home/andris/.npmrc
verbose config file /usr/local/etc/npmrc
verbose config file /usr/local/lib/node_modules/npm/npmrc
verbose caching /home/andris/sanitizer/package.json
verbose loadDefaults sanitizer@0.1.0
verbose run-script [ 'pretest', 'test', 'posttest' ]
info pretest sanitizer@0.1.0
info test sanitizer@0.1.0
verbose unsafe-perm in lifecycle true
silly exec sh "-c" "nodeunit test/"
silly spawning [ 'sh', [ '-c', 'nodeunit test/' ], '/home/andris/sanitizer' ]
info sanitizer@0.1.0 Failed to exec test script
ERR! sanitizer@0.1.0 test: `nodeunit test/`
ERR! `sh "-c" "nodeunit test/"` failed with 1
ERR! 
ERR! Failed at the sanitizer@0.1.0 test script.
ERR! This is most likely a problem with the sanitizer package,
ERR! not with npm itself.
ERR! Tell the author that this fails on your system:
ERR!     nodeunit test/
ERR! You can get their info via:
ERR!     npm owner ls sanitizer
ERR! There is likely additional logging output above.
ERR! 
ERR! System Linux 2.6.18-028stab093.2
ERR! command "node" "/usr/local/bin/npm" "test"
ERR! cwd /home/andris/sanitizer
ERR! node -v v0.6.18
ERR! npm -v 1.1.21
ERR! code ELIFECYCLE
ERR! message sanitizer@0.1.0 test: `nodeunit test/`
ERR! message `sh "-c" "nodeunit test/"` failed with 1
ERR! errno {}
verbose exit [ 1, true ]
